<?xml version="1.0" encoding="UTF-8"?>
<testng-results skipped="0" failed="0" total="1" passed="1">
  <reporter-output>
  </reporter-output>
  <suite name="Default suite" duration-ms="201392" started-at="2018-03-20T08:55:34Z" finished-at="2018-03-20T08:58:55Z">
    <groups>
      <group name="cucumber">
        <method signature="AbstractTestNGCucumberTests.feature(cucumber.api.testng.CucumberFeatureWrapper)[pri:0, instance:com.runner.RunCukeTest@5ed241cb]" name="feature" class="cucumber.api.testng.AbstractTestNGCucumberTests"/>
      </group> <!-- cucumber -->
    </groups>
    <test name="Default test" duration-ms="201392" started-at="2018-03-20T08:55:34Z" finished-at="2018-03-20T08:58:55Z">
      <class name="com.runner.RunCukeTest">
        <test-method status="PASS" signature="setUpClass()[pri:0, instance:com.runner.RunCukeTest@5ed241cb]" name="setUpClass" is-config="true" duration-ms="172" started-at="2018-03-20T08:55:34Z" finished-at="2018-03-20T08:55:34Z">
          <reporter-output>
          </reporter-output>
        </test-method> <!-- setUpClass -->
        <test-method status="PASS" signature="feature(cucumber.api.testng.CucumberFeatureWrapper)[pri:0, instance:com.runner.RunCukeTest@5ed241cb]" name="feature" duration-ms="201164" started-at="2018-03-20T08:55:34Z" description="Runs Cucumber Feature" data-provider="features" finished-at="2018-03-20T08:58:55Z">
          <params>
            <param index="0">
              <value>
                <![CDATA[Check out]]>
              </value>
            </param>
          </params>
          <reporter-output>
          </reporter-output>
        </test-method> <!-- feature -->
        <test-method status="PASS" signature="tearDownClass()[pri:0, instance:com.runner.RunCukeTest@5ed241cb]" name="tearDownClass" is-config="true" duration-ms="9" started-at="2018-03-20T08:58:55Z" finished-at="2018-03-20T08:58:55Z">
          <reporter-output>
          </reporter-output>
        </test-method> <!-- tearDownClass -->
      </class> <!-- com.runner.RunCukeTest -->
    </test> <!-- Default test -->
  </suite> <!-- Default suite -->
</testng-results>
